<?xml version="1.0" encoding="UTF-8"?>
<testsuite xmlns:xsi="http://www.w3.org/2001/XMLSchema-instance" xsi:noNamespaceSchemaLocation="https://maven.apache.org/surefire/maven-surefire-plugin/xsd/surefire-test-report.xsd" name="ru.netology.stats.StatsServiceTest" time="0.001" tests="6" errors="0" skipped="0" failures="0">
  <properties>
[...]
</properties>
  <testcase name="soulsCalculateSum" classname="ru.netology.stats.StatsServiceTest" time="0"/>
  <testcase name="shouldCalculateAmountMonthHighAverage" classname="ru.netology.stats.StatsServiceTest" time="0"/>
  <testcase name="soulsCalculateAverageAtMonth" classname="ru.netology.stats.StatsServiceTest" time="0"/>
  <testcase name="shouldCalculateNumMonthMaxSale" classname="ru.netology.stats.StatsServiceTest" time="0"/>
  <testcase name="shouldCalculateNumMonthMinSale" classname="ru.netology.stats.StatsServiceTest" time="0"/>
  <testcase name="shouldCalculateAmountMonthLowAverage" classname="ru.netology.stats.StatsServiceTest" time="0"/>
</testsuite>